  win_util.cpp
  shared_memory.cpp
  security_util.cpp
  platform_string_util.cpp
  path_util.cpp
  object_watcher.cpp
  string_util.cpp
  string_number_conversions.cpp
  cmd_line_args.cpp
  base64.cpp
  at_exit.cpp
  time_win.cpp
  time_posix.cpp
  time.cpp
  thread_win.cpp
  thread_posix.cpp
  thread_manager.cpp
  thread_local_win.cpp
  thread_local_posix.cpp
  framework_thread.cpp
  正在生成代码...
  正在编译...
  modp_b64.cc
  atomicops_internals_x86_gcc.cc
  waitable_event_win.cpp
  waitable_event_posix.cpp
  semaphore_win.cpp
  semaphore_posix.cpp
  lock_win.cpp
  lock_posix.cpp
  network_util.cpp
  cpu.cpp
  win_ui_message_pump.cpp
  win_message_pump.cpp
  win_io_message_pump.cpp
  message_pump.cpp
  message_loop_proxy.cpp
  message_loop.cpp
  default_message_pump.cpp
  file_util_win.cpp
  file_util_posix.cpp
  file_util.cpp
  正在生成代码...
  正在编译...
  des.cpp
  正在生成代码...
  ConvertUTF.c
  base.vcxproj -> E:\github\DuilibAndCef\base\..\libs\base_d.lib
