e:\github\duilibandcef\tmp\win32\base\debug\base.pdb
e:\github\duilibandcef\tmp\win32\base\debug\base.idb
e:\github\duilibandcef\tmp\win32\base\debug\framework_thread.obj
e:\github\duilibandcef\tmp\win32\base\debug\thread_local_posix.obj
e:\github\duilibandcef\tmp\win32\base\debug\thread_local_win.obj
e:\github\duilibandcef\tmp\win32\base\debug\thread_manager.obj
e:\github\duilibandcef\tmp\win32\base\debug\thread_posix.obj
e:\github\duilibandcef\tmp\win32\base\debug\thread_win.obj
e:\github\duilibandcef\tmp\win32\base\debug\time.obj
e:\github\duilibandcef\tmp\win32\base\debug\time_posix.obj
e:\github\duilibandcef\tmp\win32\base\debug\time_win.obj
e:\github\duilibandcef\tmp\win32\base\debug\at_exit.obj
e:\github\duilibandcef\tmp\win32\base\debug\base64.obj
e:\github\duilibandcef\tmp\win32\base\debug\cmd_line_args.obj
e:\github\duilibandcef\tmp\win32\base\debug\string_number_conversions.obj
e:\github\duilibandcef\tmp\win32\base\debug\string_util.obj
e:\github\duilibandcef\tmp\win32\base\debug\object_watcher.obj
e:\github\duilibandcef\tmp\win32\base\debug\path_util.obj
e:\github\duilibandcef\tmp\win32\base\debug\platform_string_util.obj
e:\github\duilibandcef\tmp\win32\base\debug\security_util.obj
e:\github\duilibandcef\tmp\win32\base\debug\shared_memory.obj
e:\github\duilibandcef\tmp\win32\base\debug\win_util.obj
e:\github\duilibandcef\tmp\win32\base\debug\file_util.obj
e:\github\duilibandcef\tmp\win32\base\debug\file_util_posix.obj
e:\github\duilibandcef\tmp\win32\base\debug\file_util_win.obj
e:\github\duilibandcef\tmp\win32\base\debug\default_message_pump.obj
e:\github\duilibandcef\tmp\win32\base\debug\message_loop.obj
e:\github\duilibandcef\tmp\win32\base\debug\message_loop_proxy.obj
e:\github\duilibandcef\tmp\win32\base\debug\message_pump.obj
e:\github\duilibandcef\tmp\win32\base\debug\win_io_message_pump.obj
e:\github\duilibandcef\tmp\win32\base\debug\win_message_pump.obj
e:\github\duilibandcef\tmp\win32\base\debug\win_ui_message_pump.obj
e:\github\duilibandcef\tmp\win32\base\debug\cpu.obj
e:\github\duilibandcef\tmp\win32\base\debug\network_util.obj
e:\github\duilibandcef\tmp\win32\base\debug\lock_posix.obj
e:\github\duilibandcef\tmp\win32\base\debug\lock_win.obj
e:\github\duilibandcef\tmp\win32\base\debug\semaphore_posix.obj
e:\github\duilibandcef\tmp\win32\base\debug\semaphore_win.obj
e:\github\duilibandcef\tmp\win32\base\debug\waitable_event_posix.obj
e:\github\duilibandcef\tmp\win32\base\debug\waitable_event_win.obj
e:\github\duilibandcef\tmp\win32\base\debug\atomicops_internals_x86_gcc.obj
e:\github\duilibandcef\tmp\win32\base\debug\modp_b64.obj
e:\github\duilibandcef\tmp\win32\base\debug\des.obj
e:\github\duilibandcef\tmp\win32\base\debug\convertutf.obj
e:\github\duilibandcef\libs\base_d.lib
e:\github\duilibandcef\base\..\libs\base_d.lib
e:\github\duilibandcef\tmp\win32\base\debug\base.tlog\cl.command.1.tlog
e:\github\duilibandcef\tmp\win32\base\debug\base.tlog\cl.read.1.tlog
e:\github\duilibandcef\tmp\win32\base\debug\base.tlog\cl.write.1.tlog
e:\github\duilibandcef\tmp\win32\base\debug\base.tlog\lib-link.read.1.tlog
e:\github\duilibandcef\tmp\win32\base\debug\base.tlog\lib-link.write.1.tlog
e:\github\duilibandcef\tmp\win32\base\debug\base.tlog\lib.command.1.tlog
