  win_util.cpp
e:\github\duilibandcef\duilibcefstudy\base\port.h(8): fatal error C1083: 无法打开包括文件: “build/build_config.h”: No such file or directory
  shared_memory.cpp
e:\github\duilibandcef\duilibcefstudy\base\port.h(8): fatal error C1083: 无法打开包括文件: “build/build_config.h”: No such file or directory
  security_util.cpp
e:\github\duilibandcef\duilibcefstudy\base\port.h(8): fatal error C1083: 无法打开包括文件: “build/build_config.h”: No such file or directory
  platform_string_util.cpp
e:\github\duilibandcef\duilibcefstudy\base\port.h(8): fatal error C1083: 无法打开包括文件: “build/build_config.h”: No such file or directory
  path_util.cpp
e:\github\duilibandcef\duilibcefstudy\base\port.h(8): fatal error C1083: 无法打开包括文件: “build/build_config.h”: No such file or directory
  object_watcher.cpp
e:\github\duilibandcef\duilibcefstudy\base\port.h(8): fatal error C1083: 无法打开包括文件: “build/build_config.h”: No such file or directory
  string_util.cpp
e:\github\duilibandcef\duilibcefstudy\base\port.h(8): fatal error C1083: 无法打开包括文件: “build/build_config.h”: No such file or directory
  string_number_conversions.cpp
e:\github\duilibandcef\duilibcefstudy\base\port.h(8): fatal error C1083: 无法打开包括文件: “build/build_config.h”: No such file or directory
  cmd_line_args.cpp
e:\github\duilibandcef\duilibcefstudy\base\port.h(8): fatal error C1083: 无法打开包括文件: “build/build_config.h”: No such file or directory
  base64.cpp
  at_exit.cpp
e:\github\duilibandcef\duilibcefstudy\base\port.h(8): fatal error C1083: 无法打开包括文件: “build/build_config.h”: No such file or directory
  time_win.cpp
e:\github\duilibandcef\duilibcefstudy\base\port.h(8): fatal error C1083: 无法打开包括文件: “build/build_config.h”: No such file or directory
  time_posix.cpp
e:\github\duilibandcef\duilibcefstudy\base\port.h(8): fatal error C1083: 无法打开包括文件: “build/build_config.h”: No such file or directory
  time.cpp
e:\github\duilibandcef\duilibcefstudy\base\port.h(8): fatal error C1083: 无法打开包括文件: “build/build_config.h”: No such file or directory
  thread_win.cpp
e:\github\duilibandcef\duilibcefstudy\base\port.h(8): fatal error C1083: 无法打开包括文件: “build/build_config.h”: No such file or directory
  thread_posix.cpp
e:\github\duilibandcef\duilibcefstudy\base\port.h(8): fatal error C1083: 无法打开包括文件: “build/build_config.h”: No such file or directory
  thread_manager.cpp
e:\github\duilibandcef\duilibcefstudy\base\port.h(8): fatal error C1083: 无法打开包括文件: “build/build_config.h”: No such file or directory
  thread_local_win.cpp
e:\github\duilibandcef\duilibcefstudy\base\port.h(8): fatal error C1083: 无法打开包括文件: “build/build_config.h”: No such file or directory
  thread_local_posix.cpp
e:\github\duilibandcef\duilibcefstudy\base\port.h(8): fatal error C1083: 无法打开包括文件: “build/build_config.h”: No such file or directory
  framework_thread.cpp
e:\github\duilibandcef\duilibcefstudy\base\port.h(8): fatal error C1083: 无法打开包括文件: “build/build_config.h”: No such file or directory
  正在生成代码...
  正在编译...
  modp_b64.cc
e:\github\duilibandcef\duilibcefstudy\base\third_party\modp_b64\modp_b64_data.h(1): fatal error C1083: 无法打开包括文件: “build/build_config.h”: No such file or directory
  atomicops_internals_x86_gcc.cc
e:\github\duilibandcef\duilibcefstudy\base\port.h(8): fatal error C1083: 无法打开包括文件: “build/build_config.h”: No such file or directory
  waitable_event_win.cpp
e:\github\duilibandcef\duilibcefstudy\base\port.h(8): fatal error C1083: 无法打开包括文件: “build/build_config.h”: No such file or directory
  waitable_event_posix.cpp
e:\github\duilibandcef\duilibcefstudy\base\port.h(8): fatal error C1083: 无法打开包括文件: “build/build_config.h”: No such file or directory
  semaphore_win.cpp
e:\github\duilibandcef\duilibcefstudy\base\port.h(8): fatal error C1083: 无法打开包括文件: “build/build_config.h”: No such file or directory
  semaphore_posix.cpp
e:\github\duilibandcef\duilibcefstudy\base\port.h(8): fatal error C1083: 无法打开包括文件: “build/build_config.h”: No such file or directory
  lock_win.cpp
e:\github\duilibandcef\duilibcefstudy\base\port.h(8): fatal error C1083: 无法打开包括文件: “build/build_config.h”: No such file or directory
  lock_posix.cpp
e:\github\duilibandcef\duilibcefstudy\base\port.h(8): fatal error C1083: 无法打开包括文件: “build/build_config.h”: No such file or directory
  network_util.cpp
e:\github\duilibandcef\duilibcefstudy\base\port.h(8): fatal error C1083: 无法打开包括文件: “build/build_config.h”: No such file or directory
  cpu.cpp
e:\github\duilibandcef\duilibcefstudy\base\port.h(8): fatal error C1083: 无法打开包括文件: “build/build_config.h”: No such file or directory
  win_ui_message_pump.cpp
e:\github\duilibandcef\duilibcefstudy\base\port.h(8): fatal error C1083: 无法打开包括文件: “build/build_config.h”: No such file or directory
  win_message_pump.cpp
e:\github\duilibandcef\duilibcefstudy\base\port.h(8): fatal error C1083: 无法打开包括文件: “build/build_config.h”: No such file or directory
  win_io_message_pump.cpp
e:\github\duilibandcef\duilibcefstudy\base\port.h(8): fatal error C1083: 无法打开包括文件: “build/build_config.h”: No such file or directory
  message_pump.cpp
e:\github\duilibandcef\duilibcefstudy\base\port.h(8): fatal error C1083: 无法打开包括文件: “build/build_config.h”: No such file or directory
  message_loop_proxy.cpp
e:\github\duilibandcef\duilibcefstudy\base\port.h(8): fatal error C1083: 无法打开包括文件: “build/build_config.h”: No such file or directory
  message_loop.cpp
e:\github\duilibandcef\duilibcefstudy\base\port.h(8): fatal error C1083: 无法打开包括文件: “build/build_config.h”: No such file or directory
  default_message_pump.cpp
e:\github\duilibandcef\duilibcefstudy\base\port.h(8): fatal error C1083: 无法打开包括文件: “build/build_config.h”: No such file or directory
  file_util_win.cpp
e:\github\duilibandcef\duilibcefstudy\base\port.h(8): fatal error C1083: 无法打开包括文件: “build/build_config.h”: No such file or directory
  file_util_posix.cpp
e:\github\duilibandcef\duilibcefstudy\base\port.h(8): fatal error C1083: 无法打开包括文件: “build/build_config.h”: No such file or directory
  file_util.cpp
e:\github\duilibandcef\duilibcefstudy\base\port.h(8): fatal error C1083: 无法打开包括文件: “build/build_config.h”: No such file or directory
  正在生成代码...
  正在编译...
  des.cpp
e:\github\duilibandcef\duilibcefstudy\base\port.h(8): fatal error C1083: 无法打开包括文件: “build/build_config.h”: No such file or directory
  正在生成代码...
