e:\github\duilibandcef\tmp\win32\duilib\debug\duilib_d.pch
e:\github\duilibandcef\tmp\win32\duilib\debug\duilib.pdb
e:\github\duilibandcef\tmp\win32\duilib\debug\duilib.idb
e:\github\duilibandcef\tmp\win32\duilib\debug\stdafx.obj
e:\github\duilibandcef\tmp\win32\duilib\debug\multilangsupport.obj
e:\github\duilibandcef\tmp\win32\duilib\debug\onscreenkeyboardmanager.obj
e:\github\duilibandcef\tmp\win32\duilib\debug\shadow.obj
e:\github\duilibandcef\tmp\win32\duilib\debug\stringutil.obj
e:\github\duilibandcef\tmp\win32\duilib\debug\timermanager.obj
e:\github\duilibandcef\tmp\win32\duilib\debug\window.obj
e:\github\duilibandcef\tmp\win32\duilib\debug\box.obj
e:\github\duilibandcef\tmp\win32\duilib\debug\control.obj
e:\github\duilibandcef\tmp\win32\duilib\debug\windowbuilder.obj
e:\github\duilibandcef\tmp\win32\duilib\debug\globalmanager.obj
e:\github\duilibandcef\tmp\win32\duilib\debug\markup.obj
e:\github\duilibandcef\tmp\win32\duilib\debug\combo.obj
e:\github\duilibandcef\tmp\win32\duilib\debug\list.obj
e:\github\duilibandcef\tmp\win32\duilib\debug\progress.obj
e:\github\duilibandcef\tmp\win32\duilib\debug\richedit.obj
e:\github\duilibandcef\tmp\win32\duilib\debug\scrollbar.obj
e:\github\duilibandcef\tmp\win32\duilib\debug\slider.obj
e:\github\duilibandcef\tmp\win32\duilib\debug\treeview.obj
e:\github\duilibandcef\tmp\win32\duilib\debug\unzip.obj
e:\github\duilibandcef\tmp\win32\duilib\debug\winimplbase.obj
e:\github\duilibandcef\tmp\win32\duilib\debug\tabbox.obj
e:\github\duilibandcef\tmp\win32\duilib\debug\tilebox.obj
e:\github\duilibandcef\tmp\win32\duilib\debug\vbox.obj
e:\github\duilibandcef\tmp\win32\duilib\debug\circleprogress.obj
e:\github\duilibandcef\tmp\win32\duilib\debug\virtuallistbox.obj
e:\github\duilibandcef\tmp\win32\duilib\debug\define.obj
e:\github\duilibandcef\tmp\win32\duilib\debug\image.obj
e:\github\duilibandcef\tmp\win32\duilib\debug\placeholder.obj
e:\github\duilibandcef\tmp\win32\duilib\debug\bitmap.obj
e:\github\duilibandcef\tmp\win32\duilib\debug\brush.obj
e:\github\duilibandcef\tmp\win32\duilib\debug\clip.obj
e:\github\duilibandcef\tmp\win32\duilib\debug\factory.obj
e:\github\duilibandcef\tmp\win32\duilib\debug\irender.obj
e:\github\duilibandcef\tmp\win32\duilib\debug\matrix.obj
e:\github\duilibandcef\tmp\win32\duilib\debug\path.obj
e:\github\duilibandcef\tmp\win32\duilib\debug\pen.obj
e:\github\duilibandcef\tmp\win32\duilib\debug\render.obj
e:\github\duilibandcef\tmp\win32\duilib\debug\uilib.obj
e:\github\duilibandcef\tmp\win32\duilib\debug\apiwrapper.obj
e:\github\duilibandcef\tmp\win32\duilib\debug\dpimanager.obj
e:\github\duilibandcef\tmp\win32\duilib\debug\animationmanager.obj
e:\github\duilibandcef\tmp\win32\duilib\debug\animationplayer.obj
e:\github\duilibandcef\tmp\win32\duilib\debug\childbox.obj
e:\github\duilibandcef\tmp\win32\duilib\debug\hbox.obj
e:\github\duilibandcef\libs\duilib_d.lib
e:\github\duilibandcef\duilib\..\libs\duilib_d.lib
e:\github\duilibandcef\tmp\win32\duilib\debug\duilib.tlog\cl.command.1.tlog
e:\github\duilibandcef\tmp\win32\duilib\debug\duilib.tlog\cl.read.1.tlog
e:\github\duilibandcef\tmp\win32\duilib\debug\duilib.tlog\cl.write.1.tlog
e:\github\duilibandcef\tmp\win32\duilib\debug\duilib.tlog\lib-link.read.1.tlog
e:\github\duilibandcef\tmp\win32\duilib\debug\duilib.tlog\lib-link.write.1.tlog
e:\github\duilibandcef\tmp\win32\duilib\debug\duilib.tlog\lib.command.1.tlog
