  StdAfx.cpp
c:\program files (x86)\microsoft sdks\windows\v7.1a\include\gdiplusheaders.h(687): warning C4458: “nativeCap”的声明隐藏了类成员
  c:\program files (x86)\microsoft sdks\windows\v7.1a\include\gdiplusheaders.h(701): note: 参见“Gdiplus::CustomLineCap::nativeCap”的声明
c:\program files (x86)\microsoft sdks\windows\v7.1a\include\gdiplusimageattributes.h(359): warning C4458: “nativeImageAttr”的声明隐藏了类成员
  c:\program files (x86)\microsoft sdks\windows\v7.1a\include\gdiplusimageattributes.h(373): note: 参见“Gdiplus::ImageAttributes::nativeImageAttr”的声明
c:\program files (x86)\microsoft sdks\windows\v7.1a\include\gdiplusmatrix.h(291): warning C4458: “nativeMatrix”的声明隐藏了类成员
  c:\program files (x86)\microsoft sdks\windows\v7.1a\include\gdiplusmatrix.h(305): note: 参见“Gdiplus::Matrix::nativeMatrix”的声明
c:\program files (x86)\microsoft sdks\windows\v7.1a\include\gdiplusbrush.h(86): warning C4458: “nativeBrush”的声明隐藏了类成员
  c:\program files (x86)\microsoft sdks\windows\v7.1a\include\gdiplusbrush.h(99): note: 参见“Gdiplus::Brush::nativeBrush”的声明
c:\program files (x86)\microsoft sdks\windows\v7.1a\include\gdipluspen.h(457): warning C4458: “nativePen”的声明隐藏了类成员
  c:\program files (x86)\microsoft sdks\windows\v7.1a\include\gdipluspen.h(471): note: 参见“Gdiplus::Pen::nativePen”的声明
c:\program files (x86)\microsoft sdks\windows\v7.1a\include\gdipluspath.h(879): warning C4458: “nativePath”的声明隐藏了类成员
  c:\program files (x86)\microsoft sdks\windows\v7.1a\include\gdipluspath.h(893): note: 参见“Gdiplus::GraphicsPath::nativePath”的声明
c:\program files (x86)\microsoft sdks\windows\v7.1a\include\gdipluspath.h(1063): warning C4458: “nativeIterator”的声明隐藏了类成员
  c:\program files (x86)\microsoft sdks\windows\v7.1a\include\gdipluspath.h(1077): note: 参见“Gdiplus::GraphicsPathIterator::nativeIterator”的声明
c:\program files (x86)\microsoft sdks\windows\v7.1a\include\gdiplusregion.h(501): warning C4458: “nativeRegion”的声明隐藏了类成员
  c:\program files (x86)\microsoft sdks\windows\v7.1a\include\gdiplusheaders.h(165): note: 参见“Gdiplus::Region::nativeRegion”的声明
c:\program files (x86)\microsoft sdks\windows\v7.1a\include\gdiplusbitmap.h(529): warning C4458: “nativeImage”的声明隐藏了类成员
  c:\program files (x86)\microsoft sdks\windows\v7.1a\include\gdiplusheaders.h(485): note: 参见“Gdiplus::Image::nativeImage”的声明
e:\github\duilibandcef\duilib\control\label.h(339): warning C4456: “clrColor”的声明隐藏了上一个本地声明
  e:\github\duilibandcef\duilib\control\label.h(328): note: 参见“clrColor”的声明
  e:\github\duilibandcef\duilib\control\label.h(310): note: 编译类 模板 成员函数“void ui::LabelTemplate<ui::Control>::PaintText(ui::IRenderContext *)”时
  e:\github\duilibandcef\duilib\control\progress.h(10): note: 参见对正在编译的类 模板 实例化“ui::LabelTemplate<ui::Control>”的引用
e:\github\duilibandcef\duilib\control\label.h(341): warning C4456: “dwClrColor”的声明隐藏了上一个本地声明
  e:\github\duilibandcef\duilib\control\label.h(329): note: 参见“dwClrColor”的声明
e:\github\duilibandcef\duilib\control\label.h(346): warning C4456: “clrColor”的声明隐藏了上一个本地声明
  e:\github\duilibandcef\duilib\control\label.h(339): note: 参见“clrColor”的声明
e:\github\duilibandcef\duilib\control\label.h(348): warning C4456: “dwClrColor”的声明隐藏了上一个本地声明
  e:\github\duilibandcef\duilib\control\label.h(329): note: 参见“dwClrColor”的声明
  WinImplBase.cpp
  UnZip.cpp
e:\github\duilibandcef\duilib\utils\unzip.cpp(3508): warning C4457: “buf”的声明隐藏了函数参数
  e:\github\duilibandcef\duilib\utils\unzip.cpp(3475): note: 参见“buf”的声明
  TreeView.cpp
  Slider.cpp
  ScrollBar.cpp
e:\github\duilibandcef\duilib\control\scrollbar.cpp(445): warning C4302: “类型转换”: 从“LPWSTR”到“WORD”截断
e:\github\duilibandcef\duilib\control\scrollbar.cpp(449): warning C4302: “类型转换”: 从“LPWSTR”到“WORD”截断
  RichEdit.cpp
e:\github\duilibandcef\duilib\control\richedit.cpp(806): warning C4458: “fWordWrap”的声明隐藏了类成员
  e:\github\duilibandcef\duilib\control\richedit.cpp(182): note: 参见“ui::CTxtWinHost::fWordWrap”的声明
e:\github\duilibandcef\duilib\control\richedit.cpp(915): warning C4458: “fAllowBeep”的声明隐藏了类成员
  e:\github\duilibandcef\duilib\control\richedit.cpp(183): note: 参见“ui::CTxtWinHost::fAllowBeep”的声明
e:\github\duilibandcef\duilib\control\richedit.cpp(2393): warning C4302: “类型转换”: 从“LPWSTR”到“WORD”截断
e:\github\duilibandcef\duilib\control\richedit.cpp(2400): warning C4302: “类型转换”: 从“LPWSTR”到“WORD”截断
  Progress.cpp
  List.cpp
e:\github\duilibandcef\duilib\control\list.cpp(226): warning C4457: “pControl”的声明隐藏了函数参数
  e:\github\duilibandcef\duilib\control\list.cpp(214): note: 参见“pControl”的声明
  Combo.cpp
  Markup.cpp
  GlobalManager.cpp
  WindowBuilder.cpp
e:\github\duilibandcef\duilib\core\windowbuilder.cpp(65): warning C4456: “nAttributes”的声明隐藏了上一个本地声明
  e:\github\duilibandcef\duilib\core\windowbuilder.cpp(57): note: 参见“nAttributes”的声明
e:\github\duilibandcef\duilib\core\windowbuilder.cpp(91): warning C4456: “nAttributes”的声明隐藏了上一个本地声明
  e:\github\duilibandcef\duilib\core\windowbuilder.cpp(57): note: 参见“nAttributes”的声明
e:\github\duilibandcef\duilib\core\windowbuilder.cpp(96): warning C4456: “pstr”的声明隐藏了上一个本地声明
  e:\github\duilibandcef\duilib\core\windowbuilder.cpp(60): note: 参见“pstr”的声明
e:\github\duilibandcef\duilib\core\windowbuilder.cpp(123): warning C4456: “pstr”的声明隐藏了上一个本地声明
  e:\github\duilibandcef\duilib\core\windowbuilder.cpp(60): note: 参见“pstr”的声明
e:\github\duilibandcef\duilib\core\windowbuilder.cpp(132): warning C4456: “pstr”的声明隐藏了上一个本地声明
  e:\github\duilibandcef\duilib\core\windowbuilder.cpp(60): note: 参见“pstr”的声明
e:\github\duilibandcef\duilib\core\windowbuilder.cpp(143): warning C4456: “pstr”的声明隐藏了上一个本地声明
  e:\github\duilibandcef\duilib\core\windowbuilder.cpp(60): note: 参见“pstr”的声明
e:\github\duilibandcef\duilib\core\windowbuilder.cpp(149): warning C4456: “pstr”的声明隐藏了上一个本地声明
  e:\github\duilibandcef\duilib\core\windowbuilder.cpp(60): note: 参见“pstr”的声明
e:\github\duilibandcef\duilib\core\windowbuilder.cpp(155): warning C4456: “pstr”的声明隐藏了上一个本地声明
  e:\github\duilibandcef\duilib\core\windowbuilder.cpp(60): note: 参见“pstr”的声明
e:\github\duilibandcef\duilib\core\windowbuilder.cpp(168): warning C4456: “pstr”的声明隐藏了上一个本地声明
  e:\github\duilibandcef\duilib\core\windowbuilder.cpp(60): note: 参见“pstr”的声明
e:\github\duilibandcef\duilib\core\windowbuilder.cpp(177): warning C4456: “pstr”的声明隐藏了上一个本地声明
  e:\github\duilibandcef\duilib\core\windowbuilder.cpp(60): note: 参见“pstr”的声明
  Control.cpp
e:\github\duilibandcef\duilib\core\control.cpp(751): warning C4456: “callback”的声明隐藏了上一个本地声明
  e:\github\duilibandcef\duilib\core\control.cpp(734): note: 参见“callback”的声明
e:\github\duilibandcef\duilib\core\control.cpp(786): warning C4302: “类型转换”: 从“LPWSTR”到“WORD”截断
e:\github\duilibandcef\duilib\core\control.cpp(789): warning C4302: “类型转换”: 从“LPWSTR”到“WORD”截断
e:\github\duilibandcef\duilib\core\control.cpp(794): warning C4302: “类型转换”: 从“LPWSTR”到“WORD”截断
e:\github\duilibandcef\duilib\core\control.cpp(798): warning C4302: “类型转换”: 从“LPWSTR”到“WORD”截断
  Box.cpp
e:\github\duilibandcef\duilib\core\box.cpp(280): warning C4456: “callback”的声明隐藏了上一个本地声明
  e:\github\duilibandcef\duilib\core\box.cpp(263): note: 参见“callback”的声明
e:\github\duilibandcef\duilib\core\box.cpp(315): warning C4456: “callback”的声明隐藏了上一个本地声明
  e:\github\duilibandcef\duilib\core\box.cpp(298): note: 参见“callback”的声明
  Window.cpp
e:\github\duilibandcef\duilib\core\window.cpp(1864): warning C4838: 从“int”转换到“BYTE”需要收缩转换
  TimerManager.cpp
  StringUtil.cpp
  Shadow.cpp
  OnScreenKeyboardManager.cpp
  MultiLangSupport.cpp
  正在生成代码...
  正在编译...
  DpiManager.cpp
  ApiWrapper.cpp
  UIlib.cpp
  Render.cpp
e:\github\duilibandcef\duilib\render\render.cpp(9): warning C4838: 从“int”转换到“BYTE”需要收缩转换
  Pen.cpp
  Path.cpp
  Matrix.cpp
  IRender.cpp
  Factory.cpp
  Clip.cpp
  Brush.cpp
  Bitmap.cpp
  Placeholder.cpp
  Image.cpp
  Define.cpp
  VirtualListBox.cpp
  CircleProgress.cpp
  VBox.cpp
  TileBox.cpp
  TabBox.cpp
  正在生成代码...
  正在编译...
  HBox.cpp
  ChildBox.cpp
  AnimationPlayer.cpp
  AnimationManager.cpp
  正在生成代码...
  duilib.vcxproj -> E:\github\DuilibAndCef\duilib\..\libs\duilib_d.lib
