e:\github\duilibandcef\tmp\win32\ui_components\debug\ui_components.pch
e:\github\duilibandcef\tmp\win32\ui_components\debug\ui_components.pdb
e:\github\duilibandcef\tmp\win32\ui_components\debug\ui_components.idb
e:\github\duilibandcef\tmp\win32\ui_components\debug\stdafx.obj
e:\github\duilibandcef\tmp\win32\ui_components\debug\client_app_browser.obj
e:\github\duilibandcef\tmp\win32\ui_components\debug\client_app_render.obj
e:\github\duilibandcef\tmp\win32\ui_components\debug\js_handler.obj
e:\github\duilibandcef\tmp\win32\ui_components\debug\cef_control.obj
e:\github\duilibandcef\tmp\win32\ui_components\debug\cef_control_base.obj
e:\github\duilibandcef\tmp\win32\ui_components\debug\cef_control_base_ui.obj
e:\github\duilibandcef\tmp\win32\ui_components\debug\cef_control_ui.obj
e:\github\duilibandcef\tmp\win32\ui_components\debug\cef_native_control.obj
e:\github\duilibandcef\tmp\win32\ui_components\debug\browser_handler.obj
e:\github\duilibandcef\tmp\win32\ui_components\debug\cef_manager.obj
e:\github\duilibandcef\tmp\win32\ui_components\debug\memory_dc.obj
e:\github\duilibandcef\tmp\win32\ui_components\debug\ui_menu.obj
e:\github\duilibandcef\tmp\win32\ui_components\debug\async_do_modal.obj
e:\github\duilibandcef\tmp\win32\ui_components\debug\async_modal_runner.obj
e:\github\duilibandcef\tmp\win32\ui_components\debug\file_dialog_ex.obj
e:\github\duilibandcef\tmp\win32\ui_components\debug\msgbox.obj
e:\github\duilibandcef\tmp\win32\ui_components\debug\shadow_wnd.obj
e:\github\duilibandcef\tmp\win32\ui_components\debug\toast.obj
e:\github\duilibandcef\tmp\win32\ui_components\debug\windows_manager.obj
e:\github\duilibandcef\tmp\win32\ui_components\debug\window_ex.obj
e:\github\duilibandcef\tmp\win32\ui_components\debug\cef_js_bridge.obj
e:\github\duilibandcef\tmp\win32\ui_components\debug\client_app.obj
e:\github\duilibandcef\libs\ui_components.lib
e:\github\duilibandcef\ui_components\..\libs\ui_components.pdb
e:\github\duilibandcef\ui_components\..\libs\ui_components.lib
e:\github\duilibandcef\tmp\win32\ui_components\debug\ui_components.tlog\cl.command.1.tlog
e:\github\duilibandcef\tmp\win32\ui_components\debug\ui_components.tlog\cl.read.1.tlog
e:\github\duilibandcef\tmp\win32\ui_components\debug\ui_components.tlog\cl.write.1.tlog
e:\github\duilibandcef\tmp\win32\ui_components\debug\ui_components.tlog\lib-link.read.1.tlog
e:\github\duilibandcef\tmp\win32\ui_components\debug\ui_components.tlog\lib-link.write.1.tlog
e:\github\duilibandcef\tmp\win32\ui_components\debug\ui_components.tlog\lib.command.1.tlog
