  stdafx.cpp
  window_ex.cpp
  windows_manager.cpp
  toast.cpp
  shadow_wnd.cpp
  msgbox.cpp
  file_dialog_ex.cpp
  async_modal_runner.cpp
  async_do_modal.cpp
  ui_menu.cpp
  memory_dc.cpp
  cef_manager.cpp
  browser_handler.cpp
  cef_native_control.cpp
  cef_control_ui.cpp
  cef_control_base_ui.cpp
  cef_control_base.cpp
  cef_control.cpp
  js_handler.cpp
  client_app_render.cpp
  client_app_browser.cpp
  正在生成代码...
  正在编译...
  client_app.cpp
  cef_js_bridge.cpp
  正在生成代码...
  ui_components.vcxproj -> E:\github\DuilibAndCef\ui_components\..\libs\ui_components.lib
