e:\github\duilibandcef\tmp\win32\libcef_dll_wrapper\debug\cef_callback_helpers.obj
e:\github\duilibandcef\tmp\win32\libcef_dll_wrapper\debug\display_handler_cpptoc.obj
e:\github\duilibandcef\tmp\win32\libcef_dll_wrapper\debug\navigation_entry_visitor_cpptoc.obj
e:\github\duilibandcef\tmp\win32\libcef_dll_wrapper\debug\run_file_dialog_callback_cpptoc.obj
e:\github\duilibandcef\tmp\win32\libcef_dll_wrapper\debug\binary_value_ctocpp.obj
e:\github\duilibandcef\tmp\win32\libcef_dll_wrapper\debug\drag_data_ctocpp.obj
e:\github\duilibandcef\tmp\win32\libcef_dll_wrapper\debug\print_settings_ctocpp.obj
e:\github\duilibandcef\tmp\win32\libcef_dll_wrapper\debug\stream_writer_ctocpp.obj
e:\github\duilibandcef\tmp\win32\libcef_dll_wrapper\debug\cef_byte_read_handler.obj
e:\github\duilibandcef\tmp\win32\libcef_dll_wrapper\debug\cef_logging.obj
e:\github\duilibandcef\tmp\win32\libcef_dll_wrapper\debug\dialog_handler_cpptoc.obj
e:\github\duilibandcef\tmp\win32\libcef_dll_wrapper\debug\load_handler_cpptoc.obj
e:\github\duilibandcef\tmp\win32\libcef_dll_wrapper\debug\response_filter_cpptoc.obj
e:\github\duilibandcef\tmp\win32\libcef_dll_wrapper\debug\web_plugin_info_visitor_cpptoc.obj
e:\github\duilibandcef\tmp\win32\libcef_dll_wrapper\debug\domdocument_ctocpp.obj
e:\github\duilibandcef\tmp\win32\libcef_dll_wrapper\debug\navigation_entry_ctocpp.obj
e:\github\duilibandcef\tmp\win32\libcef_dll_wrapper\debug\request_ctocpp.obj
e:\github\duilibandcef\tmp\win32\libcef_dll_wrapper\debug\v8exception_ctocpp.obj
e:\github\duilibandcef\tmp\win32\libcef_dll_wrapper\debug\cef_message_router.obj
e:\github\duilibandcef\tmp\win32\libcef_dll_wrapper\debug\cef_thread_checker_impl.obj
e:\github\duilibandcef\tmp\win32\libcef_dll_wrapper\debug\base_cpptoc.obj
e:\github\duilibandcef\tmp\win32\libcef_dll_wrapper\debug\drag_handler_cpptoc.obj
e:\github\duilibandcef\tmp\win32\libcef_dll_wrapper\debug\read_handler_cpptoc.obj
e:\github\duilibandcef\tmp\win32\libcef_dll_wrapper\debug\set_cookie_callback_cpptoc.obj
e:\github\duilibandcef\tmp\win32\libcef_dll_wrapper\debug\before_download_callback_ctocpp.obj
e:\github\duilibandcef\tmp\win32\libcef_dll_wrapper\debug\download_item_ctocpp.obj
e:\github\duilibandcef\tmp\win32\libcef_dll_wrapper\debug\print_job_callback_ctocpp.obj
e:\github\duilibandcef\tmp\win32\libcef_dll_wrapper\debug\stream_reader_ctocpp.obj
e:\github\duilibandcef\tmp\win32\libcef_dll_wrapper\debug\xml_reader_ctocpp.obj
e:\github\duilibandcef\tmp\win32\libcef_dll_wrapper\debug\libcef_dll_wrapper2.obj
e:\github\duilibandcef\tmp\win32\libcef_dll_wrapper\debug\cef_callback_internal.obj
e:\github\duilibandcef\tmp\win32\libcef_dll_wrapper\debug\delete_cookies_callback_cpptoc.obj
e:\github\duilibandcef\tmp\win32\libcef_dll_wrapper\debug\get_geolocation_callback_cpptoc.obj
e:\github\duilibandcef\tmp\win32\libcef_dll_wrapper\debug\render_handler_cpptoc.obj
e:\github\duilibandcef\tmp\win32\libcef_dll_wrapper\debug\urlrequest_client_cpptoc.obj
e:\github\duilibandcef\tmp\win32\libcef_dll_wrapper\debug\context_menu_params_ctocpp.obj
e:\github\duilibandcef\tmp\win32\libcef_dll_wrapper\debug\jsdialog_callback_ctocpp.obj
e:\github\duilibandcef\tmp\win32\libcef_dll_wrapper\debug\request_context_ctocpp.obj
e:\github\duilibandcef\tmp\win32\libcef_dll_wrapper\debug\web_plugin_info_ctocpp.obj
e:\github\duilibandcef\tmp\win32\libcef_dll_wrapper\debug\libcef_dll_wrapper.obj
e:\github\duilibandcef\tmp\win32\libcef_dll_wrapper\debug\cef_lock_impl.obj
e:\github\duilibandcef\tmp\win32\libcef_dll_wrapper\debug\app_cpptoc.obj
e:\github\duilibandcef\tmp\win32\libcef_dll_wrapper\debug\end_tracing_callback_cpptoc.obj
e:\github\duilibandcef\tmp\win32\libcef_dll_wrapper\debug\pdf_print_callback_cpptoc.obj
e:\github\duilibandcef\tmp\win32\libcef_dll_wrapper\debug\scheme_handler_factory_cpptoc.obj
e:\github\duilibandcef\tmp\win32\libcef_dll_wrapper\debug\browser_host_ctocpp.obj
e:\github\duilibandcef\tmp\win32\libcef_dll_wrapper\debug\geolocation_callback_ctocpp.obj
e:\github\duilibandcef\tmp\win32\libcef_dll_wrapper\debug\request_callback_ctocpp.obj
e:\github\duilibandcef\tmp\win32\libcef_dll_wrapper\debug\urlrequest_ctocpp.obj
e:\github\duilibandcef\tmp\win32\libcef_dll_wrapper\debug\cef_stream_resource_handler.obj
e:\github\duilibandcef\tmp\win32\libcef_dll_wrapper\debug\cef_lock.obj
e:\github\duilibandcef\tmp\win32\libcef_dll_wrapper\debug\client_cpptoc.obj
e:\github\duilibandcef\tmp\win32\libcef_dll_wrapper\debug\life_span_handler_cpptoc.obj
e:\github\duilibandcef\tmp\win32\libcef_dll_wrapper\debug\resource_handler_cpptoc.obj
e:\github\duilibandcef\tmp\win32\libcef_dll_wrapper\debug\auth_callback_ctocpp.obj
e:\github\duilibandcef\tmp\win32\libcef_dll_wrapper\debug\download_item_callback_ctocpp.obj
e:\github\duilibandcef\tmp\win32\libcef_dll_wrapper\debug\print_dialog_callback_ctocpp.obj
e:\github\duilibandcef\tmp\win32\libcef_dll_wrapper\debug\sslinfo_ctocpp.obj
e:\github\duilibandcef\tmp\win32\libcef_dll_wrapper\debug\zip_reader_ctocpp.obj
e:\github\duilibandcef\tmp\win32\libcef_dll_wrapper\debug\transfer_util.obj
e:\github\duilibandcef\tmp\win32\libcef_dll_wrapper\debug\context_menu_handler_cpptoc.obj
e:\github\duilibandcef\tmp\win32\libcef_dll_wrapper\debug\keyboard_handler_cpptoc.obj
e:\github\duilibandcef\tmp\win32\libcef_dll_wrapper\debug\resource_bundle_handler_cpptoc.obj
e:\github\duilibandcef\tmp\win32\libcef_dll_wrapper\debug\v8handler_cpptoc.obj
e:\github\duilibandcef\tmp\win32\libcef_dll_wrapper\debug\dictionary_value_ctocpp.obj
e:\github\duilibandcef\tmp\win32\libcef_dll_wrapper\debug\post_data_element_ctocpp.obj
e:\github\duilibandcef\tmp\win32\libcef_dll_wrapper\debug\run_context_menu_callback_ctocpp.obj
e:\github\duilibandcef\tmp\win32\libcef_dll_wrapper\debug\v8value_ctocpp.obj
e:\github\duilibandcef\tmp\win32\libcef_dll_wrapper\debug\cef_atomicops_x86_gcc.obj
e:\github\duilibandcef\tmp\win32\libcef_dll_wrapper\debug\cef_weak_ptr.obj
e:\github\duilibandcef\tmp\win32\libcef_dll_wrapper\debug\download_handler_cpptoc.obj
e:\github\duilibandcef\tmp\win32\libcef_dll_wrapper\debug\print_handler_cpptoc.obj
e:\github\duilibandcef\tmp\win32\libcef_dll_wrapper\debug\string_visitor_cpptoc.obj
e:\github\duilibandcef\tmp\win32\libcef_dll_wrapper\debug\browser_ctocpp.obj
e:\github\duilibandcef\tmp\win32\libcef_dll_wrapper\debug\frame_ctocpp.obj
e:\github\duilibandcef\tmp\win32\libcef_dll_wrapper\debug\scheme_registrar_ctocpp.obj
e:\github\duilibandcef\tmp\win32\libcef_dll_wrapper\debug\v8stack_trace_ctocpp.obj
e:\github\duilibandcef\tmp\win32\libcef_dll_wrapper\debug\cef_zip_archive.obj
e:\github\duilibandcef\tmp\win32\libcef_dll_wrapper\debug\cef_thread_collision_warner.obj
e:\github\duilibandcef\tmp\win32\libcef_dll_wrapper\debug\completion_callback_cpptoc.obj
e:\github\duilibandcef\tmp\win32\libcef_dll_wrapper\debug\find_handler_cpptoc.obj
e:\github\duilibandcef\tmp\win32\libcef_dll_wrapper\debug\render_process_handler_cpptoc.obj
e:\github\duilibandcef\tmp\win32\libcef_dll_wrapper\debug\web_plugin_unstable_callback_cpptoc.obj
e:\github\duilibandcef\tmp\win32\libcef_dll_wrapper\debug\domnode_ctocpp.obj
e:\github\duilibandcef\tmp\win32\libcef_dll_wrapper\debug\post_data_ctocpp.obj
e:\github\duilibandcef\tmp\win32\libcef_dll_wrapper\debug\sslcert_principal_ctocpp.obj
e:\github\duilibandcef\tmp\win32\libcef_dll_wrapper\debug\value_ctocpp.obj
e:\github\duilibandcef\tmp\win32\libcef_dll_wrapper\debug\cef_xml_object.obj
e:\github\duilibandcef\tmp\win32\libcef_dll_wrapper\debug\cef_string16.obj
e:\github\duilibandcef\tmp\win32\libcef_dll_wrapper\debug\browser_process_handler_cpptoc.obj
e:\github\duilibandcef\tmp\win32\libcef_dll_wrapper\debug\focus_handler_cpptoc.obj
e:\github\duilibandcef\tmp\win32\libcef_dll_wrapper\debug\request_context_handler_cpptoc.obj
e:\github\duilibandcef\tmp\win32\libcef_dll_wrapper\debug\task_cpptoc.obj
e:\github\duilibandcef\tmp\win32\libcef_dll_wrapper\debug\callback_ctocpp.obj
e:\github\duilibandcef\tmp\win32\libcef_dll_wrapper\debug\file_dialog_callback_ctocpp.obj
e:\github\duilibandcef\tmp\win32\libcef_dll_wrapper\debug\process_message_ctocpp.obj
e:\github\duilibandcef\tmp\win32\libcef_dll_wrapper\debug\task_runner_ctocpp.obj
e:\github\duilibandcef\tmp\win32\libcef_dll_wrapper\debug\cef_closure_task.obj
e:\github\duilibandcef\tmp\win32\libcef_dll_wrapper\debug\cef_ref_counted.obj
e:\github\duilibandcef\tmp\win32\libcef_dll_wrapper\debug\cookie_visitor_cpptoc.obj
e:\github\duilibandcef\tmp\win32\libcef_dll_wrapper\debug\geolocation_handler_cpptoc.obj
e:\github\duilibandcef\tmp\win32\libcef_dll_wrapper\debug\request_handler_cpptoc.obj
e:\github\duilibandcef\tmp\win32\libcef_dll_wrapper\debug\write_handler_cpptoc.obj
e:\github\duilibandcef\tmp\win32\libcef_dll_wrapper\debug\cookie_manager_ctocpp.obj
e:\github\duilibandcef\tmp\win32\libcef_dll_wrapper\debug\menu_model_ctocpp.obj
e:\github\duilibandcef\tmp\win32\libcef_dll_wrapper\debug\response_ctocpp.obj
e:\github\duilibandcef\tmp\win32\libcef_dll_wrapper\debug\v8stack_frame_ctocpp.obj
e:\github\duilibandcef\tmp\win32\libcef_dll_wrapper\debug\cef_resource_manager.obj
e:\github\duilibandcef\tmp\win32\libcef_dll_wrapper\debug\cef_bind_helpers.obj
e:\github\duilibandcef\tmp\win32\libcef_dll_wrapper\debug\domvisitor_cpptoc.obj
e:\github\duilibandcef\tmp\win32\libcef_dll_wrapper\debug\jsdialog_handler_cpptoc.obj
e:\github\duilibandcef\tmp\win32\libcef_dll_wrapper\debug\resolve_callback_cpptoc.obj
e:\github\duilibandcef\tmp\win32\libcef_dll_wrapper\debug\v8accessor_cpptoc.obj
e:\github\duilibandcef\tmp\win32\libcef_dll_wrapper\debug\command_line_ctocpp.obj
e:\github\duilibandcef\tmp\win32\libcef_dll_wrapper\debug\list_value_ctocpp.obj
e:\github\duilibandcef\tmp\win32\libcef_dll_wrapper\debug\resource_bundle_ctocpp.obj
e:\github\duilibandcef\tmp\win32\libcef_dll_wrapper\debug\v8context_ctocpp.obj
e:\github\duilibandcef\tmp\win32\libcef_dll_wrapper\debug\libcef_dll_wrapper.pdb
e:\github\duilibandcef\libs\libcef_dll_wrapper_d.lib
e:\github\duilibandcef\duilibcefstudy\..\libs\libcef_dll_wrapper_d.lib
e:\github\duilibandcef\tmp\win32\libcef_dll_wrapper\debug\libcef_d.a9d6dc71.tlog\cl.command.1.tlog
e:\github\duilibandcef\tmp\win32\libcef_dll_wrapper\debug\libcef_d.a9d6dc71.tlog\cl.read.1.tlog
e:\github\duilibandcef\tmp\win32\libcef_dll_wrapper\debug\libcef_d.a9d6dc71.tlog\cl.write.1.tlog
e:\github\duilibandcef\tmp\win32\libcef_dll_wrapper\debug\libcef_d.a9d6dc71.tlog\lib-link.read.1.tlog
e:\github\duilibandcef\tmp\win32\libcef_dll_wrapper\debug\libcef_d.a9d6dc71.tlog\lib-link.write.1.tlog
e:\github\duilibandcef\tmp\win32\libcef_dll_wrapper\debug\libcef_d.a9d6dc71.tlog\lib.command.1.tlog
